<?xml version="1.0" encoding="UTF-8"?>
<!-- Generated by org.testng.reporters.JUnitXMLReporter -->
<testsuite ignored="0" hostname="DESKTOP-6IVHGF6" failures="1" tests="21" name="AllTests" time="540.472" errors="0" timestamp="2024-11-09T01:23:49 IST">
  <testcase classname="com.crm.qa.testcases.LoginPageTest" name="signUpbtnTest" time="10.434"/>
  <testcase classname="com.crm.qa.testcases.LoginPageTest" name="titleTest" time="0.018"/>
  <testcase classname="com.crm.qa.testcases.LoginPageTest" name="loginTest" time="0.483"/>
  <testcase classname="com.crm.qa.testcases.LoginPageTest" name="crmlogoTest" time="8.282"/>
  <testcase classname="com.crm.qa.testcases.HomePageTest" name="verifyHomePageTitle" time="0.024"/>
  <testcase classname="com.crm.qa.testcases.HomePageTest" name="verifyUsername" time="3.136"/>
  <testcase classname="com.crm.qa.testcases.HomePageTest" name="verifyContactsLink" time="3.271"/>
  <testcase classname="com.crm.qa.testcases.HomePageTest" name="verifyDealsLink" time="3.006"/>
  <testcase classname="com.crm.qa.testcases.HomePageTest" name="verifyTasksLink" time="3.479"/>
  <testcase classname="com.crm.qa.testcases.TasksPageTest" name="verifyPageName" time="0.087"/>
  <testcase classname="com.crm.qa.testcases.TasksPageTest" name="verifyBoardLink" time="5.156"/>
  <testcase classname="com.crm.qa.testcases.TasksPageTest" name="veifyShowFilterOption" time="6.156"/>
  <testcase classname="com.crm.qa.testcases.TasksPageTest" name="verifyAddRowOption" time="7.271"/>
  <testcase classname="com.crm.qa.testcases.TasksPageTest" name="verifyTasksCount" time="0.091"/>
  <testcase classname="com.crm.qa.testcases.ContactsPageTest" name="validateCreateNewContact" time="8.101"/>
  <testcase classname="com.crm.qa.testcases.ContactsPageTest" name="validateCreateNewContact" time="8.219"/>
  <testcase classname="com.crm.qa.testcases.ContactsPageTest" name="validateCreateNewContact" time="8.329"/>
  <testcase classname="com.crm.qa.testcases.ContactsPageTest" name="verifyContactLabel" time="0.169"/>
  <testcase classname="com.crm.qa.testcases.ContactsPageTest" name="verifyContactName" time="10.065">
    <failure type="org.openqa.selenium.NoSuchElementException" message="no such element: Unable to locate element: {&amp;quot;method&amp;quot;:&amp;quot;xpath&amp;quot;,&amp;quot;selector&amp;quot;:&amp;quot;//a[text()=&amp;apos;Bhagyashri Garad&amp;apos;]&amp;quot;}
  (Session info: chrome=130.0.6723.117)
For documentation on this error, please visit: http://seleniumhq.org/exceptions/no_such_element.html
Build info: version: &amp;apos;3.14.0&amp;apos;, revision: &amp;apos;aacccce0&amp;apos;, time: &amp;apos;2018-08-02T20:19:58.91Z&amp;apos;
System info: host: &amp;apos;DESKTOP-6IVHGF6&amp;apos;, ip: &amp;apos;192.168.68.202&amp;apos;, os.name: &amp;apos;Windows 11&amp;apos;, os.arch: &amp;apos;amd64&amp;apos;, os.version: &amp;apos;10.0&amp;apos;, java.version: &amp;apos;22.0.2&amp;apos;
Driver info: org.openqa.selenium.chrome.ChromeDriver
Capabilities {acceptInsecureCerts: false, browserName: chrome, browserVersion: 130.0.6723.117, chrome: {chromedriverVersion: 130.0.6723.116 (6ac35f94ae3..., userDataDir: C:\Users\ashwi\AppData\Loca...}, fedcm:accounts: true, goog:chromeOptions: {debuggerAddress: localhost:62506}, javascriptEnabled: true, networkConnectionEnabled: false, pageLoadStrategy: normal, platform: WINDOWS, platformName: WINDOWS, proxy: Proxy(), setWindowRect: true, strictFileInteractability: false, timeouts: {implicit: 0, pageLoad: 300000, script: 30000}, unhandledPromptBehavior: dismiss and notify, webauthn:extension:credBlob: true, webauthn:extension:largeBlob: true, webauthn:extension:minPinLength: true, webauthn:extension:prf: true, webauthn:virtualAuthenticators: true}
Session ID: 5938d0e72be7041afa9d96dcd56035e7
*** Element info: {Using=xpath, value=//a[text()=&amp;apos;Bhagyashri Garad&amp;apos;]}">
      <![CDATA[org.openqa.selenium.NoSuchElementException: no such element: Unable to locate element: {"method":"xpath","selector":"//a[text()='Bhagyashri Garad']"}
  (Session info: chrome=130.0.6723.117)
For documentation on this error, please visit: http://seleniumhq.org/exceptions/no_such_element.html
Build info: version: '3.14.0', revision: 'aacccce0', time: '2018-08-02T20:19:58.91Z'
System info: host: 'DESKTOP-6IVHGF6', ip: '192.168.68.202', os.name: 'Windows 11', os.arch: 'amd64', os.version: '10.0', java.version: '22.0.2'
Driver info: org.openqa.selenium.chrome.ChromeDriver
Capabilities {acceptInsecureCerts: false, browserName: chrome, browserVersion: 130.0.6723.117, chrome: {chromedriverVersion: 130.0.6723.116 (6ac35f94ae3..., userDataDir: C:\Users\ashwi\AppData\Loca...}, fedcm:accounts: true, goog:chromeOptions: {debuggerAddress: localhost:62506}, javascriptEnabled: true, networkConnectionEnabled: false, pageLoadStrategy: normal, platform: WINDOWS, platformName: WINDOWS, proxy: Proxy(), setWindowRect: true, strictFileInteractability: false, timeouts: {implicit: 0, pageLoad: 300000, script: 30000}, unhandledPromptBehavior: dismiss and notify, webauthn:extension:credBlob: true, webauthn:extension:largeBlob: true, webauthn:extension:minPinLength: true, webauthn:extension:prf: true, webauthn:virtualAuthenticators: true}
Session ID: 5938d0e72be7041afa9d96dcd56035e7
*** Element info: {Using=xpath, value=//a[text()='Bhagyashri Garad']}
at org.openqa.selenium.remote.http.W3CHttpResponseCodec.createException(W3CHttpResponseCodec.java:187)
at org.openqa.selenium.remote.http.W3CHttpResponseCodec.decode(W3CHttpResponseCodec.java:122)
at org.openqa.selenium.remote.http.W3CHttpResponseCodec.decode(W3CHttpResponseCodec.java:49)
at org.openqa.selenium.remote.HttpCommandExecutor.execute(HttpCommandExecutor.java:158)
at org.openqa.selenium.remote.service.DriverCommandExecutor.execute(DriverCommandExecutor.java:83)
at org.openqa.selenium.remote.RemoteWebDriver.execute(RemoteWebDriver.java:548)
at org.openqa.selenium.remote.RemoteWebDriver.findElement(RemoteWebDriver.java:322)
at org.openqa.selenium.remote.RemoteWebDriver.findElementByXPath(RemoteWebDriver.java:424)
at org.openqa.selenium.By$ByXPath.findElement(By.java:353)
at org.openqa.selenium.remote.RemoteWebDriver.findElement(RemoteWebDriver.java:314)
at org.openqa.selenium.support.pagefactory.DefaultElementLocator.findElement(DefaultElementLocator.java:69)
at org.openqa.selenium.support.pagefactory.internal.LocatingElementHandler.invoke(LocatingElementHandler.java:38)
at jdk.proxy2/jdk.proxy2.$Proxy15.getText(Unknown Source)
at com.crm.qa.pages.ContactsPage.verifyName(ContactsPage.java:44)
at com.crm.qa.testcases.ContactsPageTest.verifyContactName(ContactsPageTest.java:43)
at java.base/java.util.ArrayList.forEach(ArrayList.java:1597)
... Removed 28 stack frames]]>
    </failure>
  </testcase> <!-- verifyContactName -->
  <testcase classname="com.crm.qa.testcases.ContactsPageTest" name="verifyCreateOption" time="5.211"/>
  <testcase classname="com.crm.qa.testcases.ContactsPageTest" name="verifyFilterOption" time="5.138"/>
</testsuite> <!-- AllTests -->
